\BOOKMARK [0][-]{statement.0}{\376\377\130\360\146\016}{}% 1
\BOOKMARK [0][-]{chapter*.1}{\376\377\144\130\211\201}{}% 2
\BOOKMARK [0][-]{chapter*.2}{\376\377\000A\000b\000s\000t\000r\000a\000c\000t}{}% 3
\BOOKMARK [0][-]{bittoc.0}{\376\377\166\356\137\125}{}% 4
\BOOKMARK [0][-]{chapter.1}{\376\377\173\054\0001\172\340\000\040\000\040\176\352\213\272}{}% 5
\BOOKMARK [1][-]{section.1.1}{\376\377\0001\000.\0001\000\040\170\024\172\166\200\314\146\157\116\016\141\017\116\111}{chapter.1}% 6
\BOOKMARK [1][-]{section.1.2}{\376\377\0001\000.\0002\000\040\170\024\172\166\163\260\162\266\116\016\215\213\122\277}{chapter.1}% 7
\BOOKMARK [2][-]{subsection.1.2.1}{\376\377\0001\000.\0002\000.\0001\000\040\116\343\170\001\121\113\226\206\150\300\155\113\142\200\147\057}{section.1.2}% 8
\BOOKMARK [2][-]{subsection.1.2.2}{\376\377\0001\000.\0002\000.\0002\000\040\116\343\170\001\210\150\137\201\133\146\116\140}{section.1.2}% 9
\BOOKMARK [1][-]{section.1.3}{\376\377\0001\000.\0003\000\040\170\024\172\166\121\205\133\271}{chapter.1}% 10
\BOOKMARK [1][-]{section.1.4}{\376\377\0001\000.\0004\000\040\213\272\145\207\176\323\147\204}{chapter.1}% 11
\BOOKMARK [0][-]{chapter.2}{\376\377\173\054\0002\172\340\000\040\000\040\131\032\176\364\156\220\116\343\170\001\210\150\137\201\133\146\116\140\145\271\154\325\140\073\117\123\213\276\213\241}{}% 12
\BOOKMARK [1][-]{section.2.1}{\376\377\0002\000.\0001\000\040\227\142\124\021\121\113\226\206\150\300\155\113\166\204\116\343\170\001\210\150\137\201\133\146\116\140\121\163\225\056\142\200\147\057\143\021\142\030}{chapter.2}% 13
\BOOKMARK [1][-]{section.2.2}{\376\377\0002\000.\0002\000\040\000R\000L\000C\000C\000D\150\106\147\266\170\024\172\166\145\271\150\110}{chapter.2}% 14
\BOOKMARK [2][-]{subsection.2.2.1}{\376\377\0002\000.\0002\000.\0001\000\040\170\024\172\166\140\035\215\357\123\312\140\073\117\123\150\106\147\266}{section.2.2}% 15
\BOOKMARK [2][-]{subsection.2.2.2}{\376\377\0002\000.\0002\000.\0002\000\040\116\343\170\001\131\004\164\006}{section.2.2}% 16
\BOOKMARK [2][-]{subsection.2.2.3}{\376\377\0002\000.\0002\000.\0003\000\040\131\032\176\364\156\220\116\343\170\001\210\150\137\201\133\146\116\140}{section.2.2}% 17
\BOOKMARK [2][-]{subsection.2.2.4}{\376\377\0002\000.\0002\000.\0004\000\040\121\113\226\206\150\300\155\113\116\373\122\241\133\236\163\260}{section.2.2}% 18
\BOOKMARK [1][-]{section.2.3}{\376\377\0002\000.\0003\000\040\147\054\172\340\134\017\176\323}{chapter.2}% 19
\BOOKMARK [0][-]{chapter.3}{\376\377\173\054\0003\172\340\000\040\000\040\127\372\116\216\230\204\213\255\176\303\217\205\122\251\152\041\127\213\166\204\000T\000o\000k\000e\000n\210\150\137\201\133\146\116\140}{}% 20
\BOOKMARK [1][-]{section.3.1}{\376\377\0003\000.\0001\000\040\170\024\172\166\122\250\147\072}{chapter.3}% 21
\BOOKMARK [1][-]{section.3.2}{\376\377\0003\000.\0002\000\040\145\271\154\325\213\276\213\241}{chapter.3}% 22
\BOOKMARK [2][-]{subsection.3.2.1}{\376\377\0003\000.\0002\000.\0001\000\040\150\106\147\266\151\202\217\360}{section.3.2}% 23
\BOOKMARK [2][-]{subsection.3.2.2}{\376\377\0003\000.\0002\000.\0002\000\040\230\204\213\255\176\303\217\205\122\251\152\041\127\213}{section.3.2}% 24
\BOOKMARK [2][-]{subsection.3.2.3}{\376\377\0003\000.\0002\000.\0003\000\040\000T\000o\000k\000e\000n\210\150\137\201\133\146\116\140}{section.3.2}% 25
\BOOKMARK [1][-]{section.3.3}{\376\377\0003\000.\0003\000\040\133\236\232\214\232\214\213\301}{chapter.3}% 26
\BOOKMARK [2][-]{subsection.3.3.1}{\376\377\0003\000.\0003\000.\0001\000\040\133\236\232\214\213\276\213\241}{section.3.3}% 27
\BOOKMARK [2][-]{subsection.3.3.2}{\376\377\0003\000.\0003\000.\0002\000\040\230\204\213\255\176\303\217\205\122\251\152\041\127\213\155\210\207\215\133\236\232\214\176\323\147\234}{section.3.3}% 28
\BOOKMARK [1][-]{section.3.4}{\376\377\0003\000.\0004\000\040\147\054\172\340\134\017\176\323}{chapter.3}% 29
\BOOKMARK [0][-]{chapter.4}{\376\377\173\054\0004\172\340\000\040\000\040\127\372\116\216\133\120\150\021\122\022\122\006\166\204\142\275\214\141\213\355\154\325\150\021\210\150\137\201\133\146\116\140}{}% 30
\BOOKMARK [1][-]{section.4.1}{\376\377\0004\000.\0001\000\040\170\024\172\166\122\250\147\072}{chapter.4}% 31
\BOOKMARK [1][-]{section.4.2}{\376\377\0004\000.\0002\000\040\145\271\154\325\213\276\213\241}{chapter.4}% 32
\BOOKMARK [2][-]{subsection.4.2.1}{\376\377\0004\000.\0002\000.\0001\000\040\150\106\147\266\151\202\217\360}{section.4.2}% 33
\BOOKMARK [2][-]{subsection.4.2.2}{\376\377\0004\000.\0002\000.\0002\000\040\133\120\150\021\122\022\122\006}{section.4.2}% 34
\BOOKMARK [2][-]{subsection.4.2.3}{\376\377\0004\000.\0002\000.\0003\000\040\142\275\214\141\213\355\154\325\150\021\210\150\137\201\133\146\116\140}{section.4.2}% 35
\BOOKMARK [1][-]{section.4.3}{\376\377\0004\000.\0003\000\040\133\236\232\214\232\214\213\301}{chapter.4}% 36
\BOOKMARK [2][-]{subsection.4.3.1}{\376\377\0004\000.\0003\000.\0001\000\040\133\236\232\214\213\276\213\241}{section.4.3}% 37
\BOOKMARK [2][-]{subsection.4.3.2}{\376\377\0004\000.\0003\000.\0002\000\040\142\275\214\141\213\355\154\325\150\021\133\120\150\021\122\022\122\006\155\210\207\215\133\236\232\214\176\323\147\234}{section.4.3}% 38
\BOOKMARK [1][-]{section.4.4}{\376\377\0004\000.\0004\000\040\147\054\172\340\134\017\176\323}{chapter.4}% 39
\BOOKMARK [0][-]{chapter.5}{\376\377\173\054\0005\172\340\000\040\000\040\127\372\116\216\126\376\217\307\156\344\166\204\172\013\136\217\117\235\215\126\126\376\210\150\137\201\133\146\116\140}{}% 40
\BOOKMARK [1][-]{section.5.1}{\376\377\0005\000.\0001\000\040\170\024\172\166\122\250\147\072}{chapter.5}% 41
\BOOKMARK [1][-]{section.5.2}{\376\377\0005\000.\0002\000\040\145\271\154\325\213\276\213\241}{chapter.5}% 42
\BOOKMARK [2][-]{subsection.5.2.1}{\376\377\0005\000.\0002\000.\0001\000\040\150\106\147\266\151\202\217\360}{section.5.2}% 43
\BOOKMARK [2][-]{subsection.5.2.2}{\376\377\0005\000.\0002\000.\0002\000\040\126\376\217\307\156\344\147\072\122\066}{section.5.2}% 44
\BOOKMARK [2][-]{subsection.5.2.3}{\376\377\0005\000.\0002\000.\0003\000\040\172\013\136\217\117\235\215\126\126\376\210\150\137\201\133\146\116\140}{section.5.2}% 45
\BOOKMARK [1][-]{section.5.3}{\376\377\0005\000.\0003\000\040\133\236\232\214\232\214\213\301}{chapter.5}% 46
\BOOKMARK [2][-]{subsection.5.3.1}{\376\377\0005\000.\0003\000.\0001\000\040\133\236\232\214\213\276\213\241}{section.5.3}% 47
\BOOKMARK [2][-]{subsection.5.3.2}{\376\377\0005\000.\0003\000.\0002\000\040\126\376\217\307\156\344\147\072\122\066\155\210\207\215\133\236\232\214\176\323\147\234}{section.5.3}% 48
\BOOKMARK [1][-]{section.5.4}{\376\377\0005\000.\0004\000\040\147\054\172\340\134\017\176\323}{chapter.5}% 49
\BOOKMARK [0][-]{chapter.6}{\376\377\173\054\0006\172\340\000\040\000\040\162\171\137\201\207\215\124\010\123\312\000R\000L\000C\000C\000D\150\106\147\266\232\214\213\301}{}% 50
\BOOKMARK [1][-]{section.6.1}{\376\377\0006\000.\0001\000\040\162\171\137\201\207\215\124\010}{chapter.6}% 51
\BOOKMARK [1][-]{section.6.2}{\376\377\0006\000.\0002\000\040\000R\000L\000C\000C\000D\150\106\147\266\232\214\213\301}{chapter.6}% 52
\BOOKMARK [2][-]{subsection.6.2.1}{\376\377\0006\000.\0002\000.\0001\000\040\133\236\232\214\213\276\177\156}{section.6.2}% 53
\BOOKMARK [2][-]{subsection.6.2.2}{\376\377\0006\000.\0002\000.\0002\000\040\133\371\153\324\135\345\121\167}{section.6.2}% 54
\BOOKMARK [2][-]{subsection.6.2.3}{\376\377\0006\000.\0002\000.\0003\000\040\000R\000L\000C\000C\000D\140\047\200\375\213\304\117\060\133\236\232\214\176\323\147\234}{section.6.2}% 55
\BOOKMARK [1][-]{section.6.3}{\376\377\0006\000.\0003\000\040\147\054\172\340\134\017\176\323}{chapter.6}% 56
\BOOKMARK [0][-]{chapter*.14}{\376\377\176\323\213\272}{}% 57
\BOOKMARK [0][-]{chapter*.15}{\376\377\123\302\200\003\145\207\163\056}{}% 58
\BOOKMARK [0][-]{chapter*.16}{\376\377\145\073\213\373\133\146\117\115\147\037\225\364\123\321\210\150\213\272\145\207\116\016\170\024\172\166\142\020\147\234\156\005\123\125}{}% 59
\BOOKMARK [0][-]{chapter*.17}{\376\377\201\364\214\042}{}% 60
